14.03.23 22:45 Создан отсутствующий файл  notes.csv 
14.03.23 23:21 Вывод всех заметок  
14.03.23 23:22 Вывод всех заметок  
14.03.23 23:22 Запись новой заметки 410 Тест 1 14.03.23 23:22 удачно
14.03.23 23:22 Вывод всех заметок  
14.03.23 23:25 Вывод всех заметок  
15.03.23 02:18 Вывод всех заметок  
15.03.23 02:19 Запись новой заметки 510 Тест 2 15.03.23 02:19 удачно
15.03.23 02:19 Вывод всех заметок  
15.03.23 02:21 Вывод всех заметок  
15.03.23 02:23 Вывод всех заметок  
15.03.23 02:24 Вывод всех заметок  
15.03.23 02:26 Вывод всех заметок  
15.03.23 02:28 Вывод всех заметок  
15.03.23 02:29 Вывод всех заметок  
15.03.23 02:37 Вывод всех заметок  
15.03.23 02:41 Вывод всех заметок  
15.03.23 02:42 Вывод всех заметок  
15.03.23 02:43 Запись новой заметки 927 Тест 3 15.03.23 02:43 удачно
15.03.23 02:43 Запись новой заметки 487 Тест 4 15.03.23 02:43 удачно
15.03.23 02:43 Вывод всех заметок  
15.03.23 02:44 Вывод всех заметок  
15.03.23 02:47 Вывод всех заметок  
15.03.23 02:47 Запись новой заметки 84 Тест 5 15.03.23 02:47 удачно
15.03.23 02:47 Вывод всех заметок  
15.03.23 02:48 Удаление записи id=927 Успешно!
15.03.23 02:48 Вывод всех заметок  
15.03.23 03:18 Вывод всех заметок  
15.03.23 03:32 Вывод всех заметок  
15.03.23 03:35 Запись новой заметки None 0 15.03.23 03:35 удачно
15.03.23 03:36 Вывод всех заметок  
15.03.23 03:36 Вывод всех заметок  
15.03.23 03:37 Вывод всех заметок  
15.03.23 03:37 Запись новой заметки 511 Тест 6 15.03.23 03:37 удачно
15.03.23 03:37 Вывод всех заметок  
15.03.23 03:52 Вывод всех заметок  
15.03.23 03:52 Удаление записи id=84 Успешно!
15.03.23 03:53 Вывод всех заметок  
15.03.23 03:58 Вывод всех заметок  
15.03.23 04:05 Вывод всех заметок  
15.03.23 04:11 Вывод всех заметок  
15.03.23 04:11 Запись новой заметки 511 Test 1 15.03.23 04:11 удачно
15.03.23 04:11 Вывод всех заметок  
15.03.23 04:12 Удаление записи id=511 Успешно!
15.03.23 04:12 Вывод всех заметок  
15.03.23 04:26 Вывод всех заметок  
15.03.23 04:27 Запись новой заметки 511 Test 1 15.03.23 04:27 удачно
15.03.23 04:27 Вывод всех заметок  
15.03.23 04:27 Вывод заметок на дату  15.03.23 
15.03.23 04:28 Вывод всех заметок  
15.03.23 04:28 Вывод заметок на дату  15.03.23 
15.03.23 04:29 Вывод заметок на дату  15.02.23 
15.03.23 04:53 Вывод всех заметок  
15.03.23 04:55 Вывод всех заметок  
15.03.23 04:56 Вывод всех заметок  
15.03.23 04:58 Вывод всех заметок  
15.03.23 05:03 Вывод всех заметок  
15.03.23 05:04 Вывод всех заметок  
15.03.23 05:05 Вывод заметок на дату  15.03.23 
15.03.23 05:17 Вывод всех заметок  
15.03.23 05:19 Вывод всех заметок  
15.03.23 05:21 Вывод всех заметок  
15.03.23 05:22 Вывод заметок на дату  15,03,23 
15.03.23 05:22 Вывод заметок на дату  15.03.23 
15.03.23 05:22 Вывод всех заметок  
15.03.23 05:22 Удаление записи id=511 Успешно!
15.03.23 05:22 Вывод всех заметок  
15.03.23 05:23 Запись новой заметки 511 Test 1 15.03.23 05:23 удачно
15.03.23 05:23 Вывод всех заметок  
15.03.23 11:09 Вывод всех заметок  
15.03.23 11:09 Удаление записи id=487 Успешно!
15.03.23 11:11 Вывод всех заметок  
15.03.23 11:17 Запись новой заметки None 511 Proverka 4 удачно
15.03.23 11:17 Вывод всех заметок  
15.03.23 11:20 Вывод всех заметок  
15.03.23 11:20 Запись новой заметки 511 Test 4 15.03.23 11:20 удачно
15.03.23 11:20 Вывод всех заметок  
15.03.23 11:21 Удаление записи id=511 Успешно!
15.03.23 11:21 Вывод всех заметок  
15.03.23 11:21 Запись новой заметки 511 Тест 1 15.03.23 11:21 удачно
15.03.23 11:21 Вывод всех заметок  
15.03.23 11:22 Удаление записи id=510 Успешно!
15.03.23 11:23 Вывод всех заметок  
15.03.23 11:23 Запись новой заметки 1 Тест 1 15.03.23 11:23 удачно
15.03.23 11:24 Вывод всех заметок  
15.03.23 11:24 Запись новой заметки 2 Тест 2 15.03.23 11:24 удачно
15.03.23 11:24 Вывод всех заметок  
15.03.23 11:24 Запись новой заметки 3 Тест 4 15.03.23 11:24 удачно
15.03.23 11:24 Вывод всех заметок  
15.03.23 11:24 Запись новой заметки 4 Тест 5 15.03.23 11:24 удачно
15.03.23 11:24 Вывод всех заметок  
15.03.23 11:25 Удаление записи id=4 Успешно!
15.03.23 11:25 Запись новой заметки 4 Тест 5 15.03.23 11:24 удачно
15.03.23 11:25 Вывод всех заметок  
15.03.23 11:27 Удаление записи id=2 Успешно!
15.03.23 11:27 Вывод всех заметок  
15.03.23 11:27 Вывод всех заметок  
15.03.23 11:29 Вывод всех заметок  
15.03.23 11:30 Запись новой заметки 2 Тест 2 15.03.23 11:30 удачно
15.03.23 11:30 Запись новой заметки 3 Тест 3 15.03.23 11:30 удачно
15.03.23 11:30 Запись новой заметки 4 Тест 4 15.03.23 11:30 удачно
15.03.23 11:30 Вывод всех заметок  
15.03.23 11:30 Удаление записи id=3 Успешно!
15.03.23 11:31 Запись новой заметки 3 Тест 3 15.03.23 11:30 удачно
15.03.23 11:31 Вывод всех заметок  
15.03.23 11:34 Вывод всех заметок  
15.03.23 11:34 Запись новой заметки 4 4 15.03.23 11:34 удачно
15.03.23 11:34 Вывод всех заметок  
15.03.23 11:34 Запись новой заметки 5 Тест 5 15.03.23 11:34 удачно
15.03.23 11:34 Запись новой заметки 6 Тест 6 15.03.23 11:34 удачно
15.03.23 11:34 Вывод всех заметок  
15.03.23 11:34 Удаление записи id=4 Успешно!
15.03.23 11:35 Запись новой заметки 4 Тест 4 15.03.23 11:34 удачно
15.03.23 11:35 Вывод всех заметок  
15.03.23 11:36 Вывод заметок на дату  15.03.23 
15.03.23 11:36 Вывод всех заметок  
15.03.23 11:36 Удаление записи id=6 Успешно!
15.03.23 11:36 Вывод всех заметок  
